<?xml version="1.0" encoding="UTF-8"?>
<!-- Generated by org.testng.reporters.JUnitReportReporter -->
<testsuite hostname="Razuuuu" failures="0" tests="3" name="com.facebook_browserCommand.HowToOpenAndCloseApp1" time="1.851" errors="0" timestamp="2025-01-14T21:14:40 EST" skipped="0">
  <testcase classname="com.facebook_browserCommand.HowToOpenAndCloseApp1" name="passWordTest" time="1.081"/>
  <system-out/>
  <testcase classname="com.facebook_browserCommand.HowToOpenAndCloseApp1" name="userNameTest" time="0.150"/>
  <system-out/>
  <testcase classname="com.facebook_browserCommand.HowToOpenAndCloseApp1" name="loginButtonTest" time="0.620"/>
  <system-out/>
</testsuite> <!-- com.facebook_browserCommand.HowToOpenAndCloseApp1 -->
