<?xml version="1.0" encoding="UTF-8"?>
<!-- Generated by org.testng.reporters.JUnitReportReporter -->
<testsuite hostname="Razuuuu" failures="0" tests="2" name="com.facebook_browserCommand.HowToOpenAndCloseAppMethod" time="15.775" errors="0" timestamp="2025-01-14T20:55:42 EST" skipped="0">
  <testcase classname="com.facebook_browserCommand.HowToOpenAndCloseAppMethod" name="invalidLoginTest" time="4.314"/>
  <system-out/>
  <testcase classname="com.facebook_browserCommand.HowToOpenAndCloseAppMethod" name="userNmeTest" time="11.461"/>
  <system-out/>
</testsuite> <!-- com.facebook_browserCommand.HowToOpenAndCloseAppMethod -->
