<?xml version="1.0" encoding="UTF-8"?>
<!-- Generated by org.testng.reporters.JUnitReportReporter -->
<testsuite hostname="Razuuuu" failures="0" tests="2" name="com.facebook_loginTest.LoginTest" time="83.086" errors="0" timestamp="2025-01-15T22:57:57 EST" skipped="0">
  <testcase classname="com.facebook_loginTest.LoginTest" name="invalidLoginTest" time="75.474"/>
  <system-out/>
  <testcase classname="com.facebook_loginTest.LoginTest" name="validLoginTest" time="7.612"/>
  <system-out/>
</testsuite> <!-- com.facebook_loginTest.LoginTest -->
