<?xml version="1.0" encoding="UTF-8"?>
<!-- Generated by org.testng.reporters.JUnitReportReporter -->
<testsuite hostname="Razuuuu" failures="0" tests="1" name="com.facebook.FacebookTest" time="4.899" errors="0" timestamp="2025-01-13T20:52:11 EST" skipped="0">
  <testcase classname="com.facebook.FacebookTest" name="m1Test" time="4.899"/>
  <system-out/>
</testsuite> <!-- com.facebook.FacebookTest -->
