<?xml version="1.0" encoding="UTF-8"?>
<!-- Generated by org.testng.reporters.JUnitReportReporter -->
<testsuite hostname="Razuuuu" failures="0" tests="1" name="com.facebook_base.BaseTest" time="7.337" errors="0" timestamp="2025-01-15T22:33:37 EST" skipped="0">
  <testcase classname="com.facebook_base.BaseTest" name="loginTest" time="7.337"/>
  <system-out/>
</testsuite> <!-- com.facebook_base.BaseTest -->
