<?xml version="1.0" encoding="UTF-8"?>
<!-- Generated by org.testng.reporters.JUnitReportReporter -->
<testsuite hostname="Razuuuu" failures="0" tests="2" name="com.facebook_browserCommand.HowToOpenAndCloseApp" time="0.066" errors="0" timestamp="2025-01-13T22:06:26 EST" skipped="0">
  <testcase classname="com.facebook_browserCommand.HowToOpenAndCloseApp" name="validLoginTest" time="0.023"/>
  <system-out/>
  <testcase classname="com.facebook_browserCommand.HowToOpenAndCloseApp" name="invalidLoginTest" time="0.043"/>
  <system-out/>
</testsuite> <!-- com.facebook_browserCommand.HowToOpenAndCloseApp -->
