<?xml version="1.0" encoding="UTF-8"?>
<!-- Generated by org.testng.reporters.JUnitReportReporter -->
<testsuite hostname="Razuuuu" failures="0" tests="2" name="com.facebook_browserCommand.HowToOpenAndCloseAppWithMethod" time="18.030" errors="0" timestamp="2025-01-13T22:10:35 EST" skipped="0">
  <testcase classname="com.facebook_browserCommand.HowToOpenAndCloseAppWithMethod" name="validLoginTest" time="11.956"/>
  <system-out/>
  <testcase classname="com.facebook_browserCommand.HowToOpenAndCloseAppWithMethod" name="invalidLoginTest" time="6.074"/>
  <system-out/>
</testsuite> <!-- com.facebook_browserCommand.HowToOpenAndCloseAppWithMethod -->
